c:\users\tim mcgraw\documents\dev\p4 workspace\dev\visual studio projects\cgt520-spring2014\vao surf template\debug\vc141.pdb
c:\users\tim mcgraw\documents\dev\p4 workspace\dev\visual studio projects\cgt520-spring2014\vao surf template\debug\vc141.idb
c:\users\tim mcgraw\documents\dev\p4 workspace\dev\visual studio projects\cgt520-spring2014\vao surf template\debug\loadtexture.obj
c:\users\tim mcgraw\documents\dev\p4 workspace\dev\visual studio projects\cgt520-spring2014\vao surf template\debug\loadmesh.obj
c:\users\tim mcgraw\documents\dev\p4 workspace\dev\visual studio projects\cgt520-spring2014\vao surf template\debug\vao surf.obj
c:\users\tim mcgraw\documents\dev\p4 workspace\dev\visual studio projects\cgt520-spring2014\vao surf template\debug\surf.obj
c:\users\tim mcgraw\documents\dev\p4 workspace\dev\visual studio projects\cgt520-spring2014\vao surf template\debug\initshader.obj
c:\users\tim mcgraw\documents\dev\p4 workspace\dev\visual studio projects\cgt520-spring2014\vao surf template\debug\imgui_impl_glut.obj
c:\users\tim mcgraw\documents\dev\p4 workspace\dev\visual studio projects\cgt520-spring2014\vao surf template\debug\imgui_draw.obj
c:\users\tim mcgraw\documents\dev\p4 workspace\dev\visual studio projects\cgt520-spring2014\vao surf template\debug\imgui_demo.obj
c:\users\tim mcgraw\documents\dev\p4 workspace\dev\visual studio projects\cgt520-spring2014\vao surf template\debug\imgui.obj
c:\users\tim mcgraw\documents\dev\p4 workspace\dev\visual studio projects\cgt520-spring2014\vao surf template\debug\cube.obj
c:\users\tim mcgraw\documents\dev\p4 workspace\dev\visual studio projects\cgt520-spring2014\vao surf template\debug\vao surf template.ilk
c:\users\tim mcgraw\documents\dev\p4 workspace\dev\visual studio projects\cgt520-spring2014\vao surf template\debug\vao surf template.exe
c:\users\tim mcgraw\documents\dev\p4 workspace\dev\visual studio projects\cgt520-spring2014\vao surf template\debug\vao surf template.pdb
c:\users\tim mcgraw\documents\dev\p4 workspace\dev\visual studio projects\cgt520-spring2014\vao surf template\debug\vao surf.a973f6d3.tlog\cl.command.1.tlog
c:\users\tim mcgraw\documents\dev\p4 workspace\dev\visual studio projects\cgt520-spring2014\vao surf template\debug\vao surf.a973f6d3.tlog\cl.read.1.tlog
c:\users\tim mcgraw\documents\dev\p4 workspace\dev\visual studio projects\cgt520-spring2014\vao surf template\debug\vao surf.a973f6d3.tlog\cl.write.1.tlog
c:\users\tim mcgraw\documents\dev\p4 workspace\dev\visual studio projects\cgt520-spring2014\vao surf template\debug\vao surf.a973f6d3.tlog\link.command.1.tlog
c:\users\tim mcgraw\documents\dev\p4 workspace\dev\visual studio projects\cgt520-spring2014\vao surf template\debug\vao surf.a973f6d3.tlog\link.read.1.tlog
c:\users\tim mcgraw\documents\dev\p4 workspace\dev\visual studio projects\cgt520-spring2014\vao surf template\debug\vao surf.a973f6d3.tlog\link.write.1.tlog
